{"/Users/isaackim/Desktop/AtelierProject/Atelier/config.js": {"path":"/Users/isaackim/Desktop/AtelierProject/Atelier/config.js","statementMap":{"0":{"start":{"line":1,"column":0},"end":{"line":3,"column":2}}},"fnMap":{},"branchMap":{},"s":{"0":1},"f":{},"b":{},"_coverageSchema":"1a1c01bbd47fc00a2c39e90264f33305004495a9","hash":"fa1b7ed62e01a7ae34afee38d2df19db980fdd6f"}
,"/Users/isaackim/Desktop/AtelierProject/Atelier/client/src/components/questionsAnswers/AnswerForm.jsx": {"path":"/Users/isaackim/Desktop/AtelierProject/Atelier/client/src/components/questionsAnswers/AnswerForm.jsx","statementMap":{"0":{"start":{"line":6,"column":4},"end":{"line":6,"column":17}},"1":{"start":{"line":7,"column":4},"end":{"line":15,"column":6}},"2":{"start":{"line":16,"column":4},"end":{"line":16,"column":43}},"3":{"start":{"line":17,"column":4},"end":{"line":17,"column":53}},"4":{"start":{"line":18,"column":4},"end":{"line":18,"column":53}},"5":{"start":{"line":19,"column":4},"end":{"line":19,"column":55}},"6":{"start":{"line":20,"column":4},"end":{"line":20,"column":45}},"7":{"start":{"line":21,"column":4},"end":{"line":21,"column":47}},"8":{"start":{"line":25,"column":4},"end":{"line":25,"column":38}},"9":{"start":{"line":29,"column":4},"end":{"line":31,"column":7}},"10":{"start":{"line":35,"column":4},"end":{"line":37,"column":7}},"11":{"start":{"line":41,"column":4},"end":{"line":43,"column":7}},"12":{"start":{"line":47,"column":4},"end":{"line":47,"column":23}},"13":{"start":{"line":48,"column":17},"end":{"line":54,"column":5}},"14":{"start":{"line":56,"column":4},"end":{"line":73,"column":7}},"15":{"start":{"line":62,"column":8},"end":{"line":67,"column":11}},"16":{"start":{"line":68,"column":8},"end":{"line":68,"column":47}},"17":{"start":{"line":71,"column":8},"end":{"line":71,"column":43}},"18":{"start":{"line":77,"column":4},"end":{"line":112,"column":6}},"19":{"start":{"line":116,"column":25},"end":{"line":116,"column":35}},"20":{"start":{"line":117,"column":4},"end":{"line":124,"column":6}}},"fnMap":{"0":{"name":"(anonymous_0)","decl":{"start":{"line":5,"column":2},"end":{"line":5,"column":3}},"loc":{"start":{"line":5,"column":21},"end":{"line":22,"column":3}},"line":5},"1":{"name":"(anonymous_1)","decl":{"start":{"line":24,"column":2},"end":{"line":24,"column":3}},"loc":{"start":{"line":24,"column":12},"end":{"line":26,"column":3}},"line":24},"2":{"name":"(anonymous_2)","decl":{"start":{"line":28,"column":2},"end":{"line":28,"column":3}},"loc":{"start":{"line":28,"column":18},"end":{"line":32,"column":3}},"line":28},"3":{"name":"(anonymous_3)","decl":{"start":{"line":34,"column":2},"end":{"line":34,"column":3}},"loc":{"start":{"line":34,"column":18},"end":{"line":38,"column":3}},"line":34},"4":{"name":"(anonymous_4)","decl":{"start":{"line":40,"column":2},"end":{"line":40,"column":3}},"loc":{"start":{"line":40,"column":19},"end":{"line":44,"column":3}},"line":40},"5":{"name":"(anonymous_5)","decl":{"start":{"line":46,"column":2},"end":{"line":46,"column":3}},"loc":{"start":{"line":46,"column":15},"end":{"line":74,"column":3}},"line":46},"6":{"name":"(anonymous_6)","decl":{"start":{"line":61,"column":15},"end":{"line":61,"column":16}},"loc":{"start":{"line":61,"column":21},"end":{"line":69,"column":7}},"line":61},"7":{"name":"(anonymous_7)","decl":{"start":{"line":70,"column":13},"end":{"line":70,"column":14}},"loc":{"start":{"line":70,"column":19},"end":{"line":72,"column":7}},"line":70},"8":{"name":"(anonymous_8)","decl":{"start":{"line":76,"column":2},"end":{"line":76,"column":3}},"loc":{"start":{"line":76,"column":13},"end":{"line":113,"column":3}},"line":76},"9":{"name":"(anonymous_9)","decl":{"start":{"line":115,"column":2},"end":{"line":115,"column":3}},"loc":{"start":{"line":115,"column":11},"end":{"line":125,"column":3}},"line":115}},"branchMap":{"0":{"loc":{"start":{"line":121,"column":11},"end":{"line":121,"column":38}},"type":"binary-expr","locations":[{"start":{"line":121,"column":11},"end":{"line":121,"column":19}},{"start":{"line":121,"column":23},"end":{"line":121,"column":38}}],"line":121}},"s":{"0":2,"1":2,"2":2,"3":2,"4":2,"5":2,"6":2,"7":2,"8":0,"9":0,"10":0,"11":0,"12":0,"13":0,"14":0,"15":0,"16":0,"17":0,"18":0,"19":2,"20":2},"f":{"0":2,"1":0,"2":0,"3":0,"4":0,"5":0,"6":0,"7":0,"8":0,"9":2},"b":{"0":[2,0]},"_coverageSchema":"1a1c01bbd47fc00a2c39e90264f33305004495a9","hash":"685b0e258a5e52fbfdf81f304c106174e02bcccc"}
,"/Users/isaackim/Desktop/AtelierProject/Atelier/client/src/components/questionsAnswers/AnswerReport.jsx": {"path":"/Users/isaackim/Desktop/AtelierProject/Atelier/client/src/components/questionsAnswers/AnswerReport.jsx","statementMap":{"0":{"start":{"line":5,"column":4},"end":{"line":5,"column":17}},"1":{"start":{"line":7,"column":4},"end":{"line":11,"column":6}},"2":{"start":{"line":12,"column":4},"end":{"line":12,"column":51}},"3":{"start":{"line":16,"column":4},"end":{"line":24,"column":5}},"4":{"start":{"line":17,"column":6},"end":{"line":19,"column":9}},"5":{"start":{"line":21,"column":6},"end":{"line":23,"column":9}},"6":{"start":{"line":28,"column":4},"end":{"line":34,"column":6}}},"fnMap":{"0":{"name":"(anonymous_0)","decl":{"start":{"line":4,"column":2},"end":{"line":4,"column":3}},"loc":{"start":{"line":4,"column":21},"end":{"line":13,"column":3}},"line":4},"1":{"name":"(anonymous_1)","decl":{"start":{"line":15,"column":2},"end":{"line":15,"column":3}},"loc":{"start":{"line":15,"column":16},"end":{"line":25,"column":3}},"line":15},"2":{"name":"(anonymous_2)","decl":{"start":{"line":27,"column":2},"end":{"line":27,"column":3}},"loc":{"start":{"line":27,"column":11},"end":{"line":35,"column":3}},"line":27}},"branchMap":{"0":{"loc":{"start":{"line":16,"column":4},"end":{"line":24,"column":5}},"type":"if","locations":[{"start":{"line":16,"column":4},"end":{"line":24,"column":5}},{"start":{"line":16,"column":4},"end":{"line":24,"column":5}}],"line":16},"1":{"loc":{"start":{"line":31,"column":11},"end":{"line":31,"column":54}},"type":"cond-expr","locations":[{"start":{"line":31,"column":33},"end":{"line":31,"column":43}},{"start":{"line":31,"column":46},"end":{"line":31,"column":54}}],"line":31}},"s":{"0":1,"1":1,"2":1,"3":0,"4":0,"5":0,"6":1},"f":{"0":1,"1":0,"2":1},"b":{"0":[0,0],"1":[0,1]},"_coverageSchema":"1a1c01bbd47fc00a2c39e90264f33305004495a9","hash":"c2ff7658e0ff691b252a39ed1f8eaa5b4b019bb4"}
,"/Users/isaackim/Desktop/AtelierProject/Atelier/client/src/components/questionsAnswers/AskQuestionButtons.jsx": {"path":"/Users/isaackim/Desktop/AtelierProject/Atelier/client/src/components/questionsAnswers/AskQuestionButtons.jsx","statementMap":{"0":{"start":{"line":5,"column":21},"end":{"line":20,"column":1}},"1":{"start":{"line":6,"column":2},"end":{"line":19,"column":8}}},"fnMap":{"0":{"name":"(anonymous_0)","decl":{"start":{"line":5,"column":21},"end":{"line":5,"column":22}},"loc":{"start":{"line":6,"column":2},"end":{"line":19,"column":8}},"line":6}},"branchMap":{"0":{"loc":{"start":{"line":12,"column":25},"end":{"line":12,"column":73}},"type":"cond-expr","locations":[{"start":{"line":12,"column":45},"end":{"line":12,"column":56}},{"start":{"line":12,"column":59},"end":{"line":12,"column":73}}],"line":12}},"s":{"0":1,"1":1},"f":{"0":1},"b":{"0":[0,1]},"_coverageSchema":"1a1c01bbd47fc00a2c39e90264f33305004495a9","hash":"45f3433b91d56079431baf16e0728010ba920c4b"}
,"/Users/isaackim/Desktop/AtelierProject/Atelier/client/src/components/questionsAnswers/HelpfulAnswerCount.jsx": {"path":"/Users/isaackim/Desktop/AtelierProject/Atelier/client/src/components/questionsAnswers/HelpfulAnswerCount.jsx","statementMap":{"0":{"start":{"line":6,"column":4},"end":{"line":6,"column":17}},"1":{"start":{"line":7,"column":4},"end":{"line":11,"column":6}},"2":{"start":{"line":13,"column":4},"end":{"line":13,"column":67}},"3":{"start":{"line":14,"column":4},"end":{"line":14,"column":59}},"4":{"start":{"line":18,"column":4},"end":{"line":20,"column":7}},"5":{"start":{"line":24,"column":4},"end":{"line":36,"column":7}},"6":{"start":{"line":30,"column":8},"end":{"line":30,"column":31}},"7":{"start":{"line":31,"column":8},"end":{"line":31,"column":45}},"8":{"start":{"line":34,"column":8},"end":{"line":34,"column":45}},"9":{"start":{"line":40,"column":4},"end":{"line":45,"column":6}}},"fnMap":{"0":{"name":"(anonymous_0)","decl":{"start":{"line":5,"column":2},"end":{"line":5,"column":3}},"loc":{"start":{"line":5,"column":21},"end":{"line":15,"column":3}},"line":5},"1":{"name":"(anonymous_1)","decl":{"start":{"line":17,"column":2},"end":{"line":17,"column":3}},"loc":{"start":{"line":17,"column":20},"end":{"line":21,"column":3}},"line":17},"2":{"name":"(anonymous_2)","decl":{"start":{"line":23,"column":2},"end":{"line":23,"column":3}},"loc":{"start":{"line":23,"column":24},"end":{"line":37,"column":3}},"line":23},"3":{"name":"(anonymous_3)","decl":{"start":{"line":29,"column":15},"end":{"line":29,"column":16}},"loc":{"start":{"line":29,"column":21},"end":{"line":32,"column":7}},"line":29},"4":{"name":"(anonymous_4)","decl":{"start":{"line":33,"column":13},"end":{"line":33,"column":14}},"loc":{"start":{"line":33,"column":19},"end":{"line":35,"column":7}},"line":33},"5":{"name":"(anonymous_5)","decl":{"start":{"line":39,"column":2},"end":{"line":39,"column":3}},"loc":{"start":{"line":39,"column":11},"end":{"line":46,"column":3}},"line":39}},"branchMap":{},"s":{"0":0,"1":0,"2":0,"3":0,"4":0,"5":0,"6":0,"7":0,"8":0,"9":0},"f":{"0":0,"1":0,"2":0,"3":0,"4":0,"5":0},"b":{},"_coverageSchema":"1a1c01bbd47fc00a2c39e90264f33305004495a9","hash":"f7c26b0975545291e0544eab655d4d62f2a2a925"}
,"/Users/isaackim/Desktop/AtelierProject/Atelier/client/src/components/questionsAnswers/HelpfulQuestionCount.jsx": {"path":"/Users/isaackim/Desktop/AtelierProject/Atelier/client/src/components/questionsAnswers/HelpfulQuestionCount.jsx","statementMap":{"0":{"start":{"line":6,"column":4},"end":{"line":6,"column":17}},"1":{"start":{"line":7,"column":4},"end":{"line":11,"column":6}},"2":{"start":{"line":13,"column":4},"end":{"line":13,"column":67}},"3":{"start":{"line":14,"column":4},"end":{"line":14,"column":59}},"4":{"start":{"line":18,"column":4},"end":{"line":20,"column":7}},"5":{"start":{"line":24,"column":4},"end":{"line":36,"column":7}},"6":{"start":{"line":30,"column":8},"end":{"line":30,"column":31}},"7":{"start":{"line":31,"column":8},"end":{"line":31,"column":46}},"8":{"start":{"line":34,"column":8},"end":{"line":34,"column":45}},"9":{"start":{"line":40,"column":4},"end":{"line":53,"column":6}},"10":{"start":{"line":47,"column":12},"end":{"line":47,"column":39}}},"fnMap":{"0":{"name":"(anonymous_0)","decl":{"start":{"line":5,"column":2},"end":{"line":5,"column":3}},"loc":{"start":{"line":5,"column":21},"end":{"line":15,"column":3}},"line":5},"1":{"name":"(anonymous_1)","decl":{"start":{"line":17,"column":2},"end":{"line":17,"column":3}},"loc":{"start":{"line":17,"column":20},"end":{"line":21,"column":3}},"line":17},"2":{"name":"(anonymous_2)","decl":{"start":{"line":23,"column":2},"end":{"line":23,"column":3}},"loc":{"start":{"line":23,"column":24},"end":{"line":37,"column":3}},"line":23},"3":{"name":"(anonymous_3)","decl":{"start":{"line":29,"column":15},"end":{"line":29,"column":16}},"loc":{"start":{"line":29,"column":21},"end":{"line":32,"column":7}},"line":29},"4":{"name":"(anonymous_4)","decl":{"start":{"line":33,"column":13},"end":{"line":33,"column":14}},"loc":{"start":{"line":33,"column":19},"end":{"line":35,"column":7}},"line":33},"5":{"name":"(anonymous_5)","decl":{"start":{"line":39,"column":2},"end":{"line":39,"column":3}},"loc":{"start":{"line":39,"column":11},"end":{"line":54,"column":3}},"line":39},"6":{"name":"(anonymous_6)","decl":{"start":{"line":46,"column":19},"end":{"line":46,"column":20}},"loc":{"start":{"line":46,"column":25},"end":{"line":48,"column":11}},"line":46}},"branchMap":{},"s":{"0":0,"1":0,"2":0,"3":0,"4":0,"5":0,"6":0,"7":0,"8":0,"9":0,"10":0},"f":{"0":0,"1":0,"2":0,"3":0,"4":0,"5":0,"6":0},"b":{},"_coverageSchema":"1a1c01bbd47fc00a2c39e90264f33305004495a9","hash":"514b0de4a11b83c23d419528453642d326efbb5e"}
,"/Users/isaackim/Desktop/AtelierProject/Atelier/client/src/components/questionsAnswers/LoadMoreAnswers.jsx": {"path":"/Users/isaackim/Desktop/AtelierProject/Atelier/client/src/components/questionsAnswers/LoadMoreAnswers.jsx","statementMap":{"0":{"start":{"line":3,"column":24},"end":{"line":7,"column":1}},"1":{"start":{"line":4,"column":2},"end":{"line":6,"column":8}}},"fnMap":{"0":{"name":"(anonymous_0)","decl":{"start":{"line":3,"column":24},"end":{"line":3,"column":25}},"loc":{"start":{"line":4,"column":2},"end":{"line":6,"column":8}},"line":4}},"branchMap":{"0":{"loc":{"start":{"line":5,"column":69},"end":{"line":5,"column":122}},"type":"cond-expr","locations":[{"start":{"line":5,"column":88},"end":{"line":5,"column":105}},{"start":{"line":5,"column":108},"end":{"line":5,"column":122}}],"line":5}},"s":{"0":1,"1":0},"f":{"0":0},"b":{"0":[0,0]},"_coverageSchema":"1a1c01bbd47fc00a2c39e90264f33305004495a9","hash":"8deea9fda0610df7c598433720227f30b8d129fb"}
,"/Users/isaackim/Desktop/AtelierProject/Atelier/client/src/components/questionsAnswers/MainAnswerQuestionBox.jsx": {"path":"/Users/isaackim/Desktop/AtelierProject/Atelier/client/src/components/questionsAnswers/MainAnswerQuestionBox.jsx","statementMap":{"0":{"start":{"line":10,"column":30},"end":{"line":81,"column":1}},"1":{"start":{"line":11,"column":16},"end":{"line":66,"column":4}},"2":{"start":{"line":12,"column":4},"end":{"line":64,"column":10}},"3":{"start":{"line":38,"column":14},"end":{"line":55,"column":20}},"4":{"start":{"line":68,"column":2},"end":{"line":80,"column":4}}},"fnMap":{"0":{"name":"(anonymous_0)","decl":{"start":{"line":10,"column":30},"end":{"line":10,"column":31}},"loc":{"start":{"line":10,"column":41},"end":{"line":81,"column":1}},"line":10},"1":{"name":"(anonymous_1)","decl":{"start":{"line":11,"column":79},"end":{"line":11,"column":80}},"loc":{"start":{"line":12,"column":4},"end":{"line":64,"column":10}},"line":12},"2":{"name":"(anonymous_2)","decl":{"start":{"line":37,"column":61},"end":{"line":37,"column":62}},"loc":{"start":{"line":38,"column":14},"end":{"line":55,"column":20}},"line":38}},"branchMap":{},"s":{"0":1,"1":1,"2":0,"3":0,"4":0},"f":{"0":1,"1":0,"2":0},"b":{},"_coverageSchema":"1a1c01bbd47fc00a2c39e90264f33305004495a9","hash":"6d434513f5e500ef445e8547caf359e2b47357a0"}
,"/Users/isaackim/Desktop/AtelierProject/Atelier/client/src/components/questionsAnswers/QuestionAnswerState.jsx": {"path":"/Users/isaackim/Desktop/AtelierProject/Atelier/client/src/components/questionsAnswers/QuestionAnswerState.jsx","statementMap":{"0":{"start":{"line":5,"column":14},"end":{"line":5,"column":35}},"1":{"start":{"line":9,"column":4},"end":{"line":9,"column":17}},"2":{"start":{"line":10,"column":4},"end":{"line":21,"column":6}},"3":{"start":{"line":22,"column":4},"end":{"line":22,"column":41}},"4":{"start":{"line":23,"column":4},"end":{"line":23,"column":71}},"5":{"start":{"line":24,"column":4},"end":{"line":24,"column":53}},"6":{"start":{"line":25,"column":4},"end":{"line":25,"column":59}},"7":{"start":{"line":26,"column":4},"end":{"line":26,"column":63}},"8":{"start":{"line":27,"column":4},"end":{"line":27,"column":59}},"9":{"start":{"line":28,"column":4},"end":{"line":28,"column":71}},"10":{"start":{"line":32,"column":4},"end":{"line":32,"column":24}},"11":{"start":{"line":36,"column":17},"end":{"line":36,"column":41}},"12":{"start":{"line":37,"column":19},"end":{"line":37,"column":21}},"13":{"start":{"line":38,"column":4},"end":{"line":45,"column":7}},"14":{"start":{"line":39,"column":6},"end":{"line":44,"column":9}},"15":{"start":{"line":46,"column":4},"end":{"line":48,"column":7}},"16":{"start":{"line":52,"column":4},"end":{"line":62,"column":9}},"17":{"start":{"line":53,"column":26},"end":{"line":53,"column":41}},"18":{"start":{"line":55,"column":8},"end":{"line":57,"column":11}},"19":{"start":{"line":60,"column":8},"end":{"line":60,"column":37}},"20":{"start":{"line":61,"column":8},"end":{"line":61,"column":37}},"21":{"start":{"line":63,"column":4},"end":{"line":63,"column":37}},"22":{"start":{"line":67,"column":22},"end":{"line":67,"column":51}},"23":{"start":{"line":68,"column":4},"end":{"line":79,"column":7}},"24":{"start":{"line":74,"column":8},"end":{"line":74,"column":42}},"25":{"start":{"line":77,"column":8},"end":{"line":77,"column":49}},"26":{"start":{"line":80,"column":4},"end":{"line":80,"column":27}},"27":{"start":{"line":84,"column":16},"end":{"line":84,"column":39}},"28":{"start":{"line":85,"column":4},"end":{"line":96,"column":7}},"29":{"start":{"line":91,"column":8},"end":{"line":91,"column":42}},"30":{"start":{"line":94,"column":8},"end":{"line":94,"column":49}},"31":{"start":{"line":100,"column":4},"end":{"line":104,"column":5}},"32":{"start":{"line":101,"column":6},"end":{"line":103,"column":9}},"33":{"start":{"line":105,"column":4},"end":{"line":105,"column":75}},"34":{"start":{"line":105,"column":29},"end":{"line":105,"column":72}},"35":{"start":{"line":109,"column":4},"end":{"line":113,"column":5}},"36":{"start":{"line":110,"column":6},"end":{"line":112,"column":9}},"37":{"start":{"line":114,"column":4},"end":{"line":114,"column":98}},"38":{"start":{"line":114,"column":29},"end":{"line":114,"column":95}},"39":{"start":{"line":118,"column":21},"end":{"line":118,"column":37}},"40":{"start":{"line":119,"column":4},"end":{"line":130,"column":7}},"41":{"start":{"line":125,"column":8},"end":{"line":125,"column":48}},"42":{"start":{"line":128,"column":8},"end":{"line":128,"column":34}},"43":{"start":{"line":134,"column":4},"end":{"line":155,"column":6}}},"fnMap":{"0":{"name":"(anonymous_0)","decl":{"start":{"line":8,"column":2},"end":{"line":8,"column":3}},"loc":{"start":{"line":8,"column":21},"end":{"line":29,"column":3}},"line":8},"1":{"name":"(anonymous_1)","decl":{"start":{"line":31,"column":2},"end":{"line":31,"column":3}},"loc":{"start":{"line":31,"column":22},"end":{"line":33,"column":3}},"line":31},"2":{"name":"(anonymous_2)","decl":{"start":{"line":35,"column":2},"end":{"line":35,"column":3}},"loc":{"start":{"line":35,"column":26},"end":{"line":49,"column":3}},"line":35},"3":{"name":"(anonymous_3)","decl":{"start":{"line":38,"column":13},"end":{"line":38,"column":14}},"loc":{"start":{"line":38,"column":18},"end":{"line":45,"column":5}},"line":38},"4":{"name":"(anonymous_4)","decl":{"start":{"line":51,"column":2},"end":{"line":51,"column":3}},"loc":{"start":{"line":51,"column":17},"end":{"line":64,"column":3}},"line":51},"5":{"name":"(anonymous_5)","decl":{"start":{"line":53,"column":12},"end":{"line":53,"column":13}},"loc":{"start":{"line":53,"column":26},"end":{"line":53,"column":41}},"line":53},"6":{"name":"(anonymous_6)","decl":{"start":{"line":54,"column":12},"end":{"line":54,"column":13}},"loc":{"start":{"line":54,"column":27},"end":{"line":58,"column":7}},"line":54},"7":{"name":"(anonymous_7)","decl":{"start":{"line":59,"column":12},"end":{"line":59,"column":13}},"loc":{"start":{"line":59,"column":18},"end":{"line":62,"column":7}},"line":59},"8":{"name":"(anonymous_8)","decl":{"start":{"line":66,"column":2},"end":{"line":66,"column":3}},"loc":{"start":{"line":66,"column":26},"end":{"line":81,"column":3}},"line":66},"9":{"name":"(anonymous_9)","decl":{"start":{"line":73,"column":15},"end":{"line":73,"column":16}},"loc":{"start":{"line":73,"column":25},"end":{"line":75,"column":7}},"line":73},"10":{"name":"(anonymous_10)","decl":{"start":{"line":76,"column":13},"end":{"line":76,"column":14}},"loc":{"start":{"line":76,"column":19},"end":{"line":78,"column":7}},"line":76},"11":{"name":"(anonymous_11)","decl":{"start":{"line":83,"column":2},"end":{"line":83,"column":3}},"loc":{"start":{"line":83,"column":20},"end":{"line":97,"column":3}},"line":83},"12":{"name":"(anonymous_12)","decl":{"start":{"line":90,"column":15},"end":{"line":90,"column":16}},"loc":{"start":{"line":90,"column":21},"end":{"line":92,"column":7}},"line":90},"13":{"name":"(anonymous_13)","decl":{"start":{"line":93,"column":13},"end":{"line":93,"column":14}},"loc":{"start":{"line":93,"column":19},"end":{"line":95,"column":7}},"line":93},"14":{"name":"(anonymous_14)","decl":{"start":{"line":99,"column":2},"end":{"line":99,"column":3}},"loc":{"start":{"line":99,"column":20},"end":{"line":106,"column":3}},"line":99},"15":{"name":"(anonymous_15)","decl":{"start":{"line":105,"column":18},"end":{"line":105,"column":19}},"loc":{"start":{"line":105,"column":29},"end":{"line":105,"column":72}},"line":105},"16":{"name":"(anonymous_16)","decl":{"start":{"line":108,"column":2},"end":{"line":108,"column":3}},"loc":{"start":{"line":108,"column":22},"end":{"line":115,"column":3}},"line":108},"17":{"name":"(anonymous_17)","decl":{"start":{"line":114,"column":18},"end":{"line":114,"column":19}},"loc":{"start":{"line":114,"column":29},"end":{"line":114,"column":95}},"line":114},"18":{"name":"(anonymous_18)","decl":{"start":{"line":117,"column":2},"end":{"line":117,"column":3}},"loc":{"start":{"line":117,"column":15},"end":{"line":131,"column":3}},"line":117},"19":{"name":"(anonymous_19)","decl":{"start":{"line":124,"column":15},"end":{"line":124,"column":16}},"loc":{"start":{"line":124,"column":25},"end":{"line":126,"column":7}},"line":124},"20":{"name":"(anonymous_20)","decl":{"start":{"line":127,"column":13},"end":{"line":127,"column":14}},"loc":{"start":{"line":127,"column":22},"end":{"line":129,"column":7}},"line":127},"21":{"name":"(anonymous_21)","decl":{"start":{"line":133,"column":2},"end":{"line":133,"column":3}},"loc":{"start":{"line":133,"column":11},"end":{"line":156,"column":3}},"line":133}},"branchMap":{"0":{"loc":{"start":{"line":100,"column":4},"end":{"line":104,"column":5}},"type":"if","locations":[{"start":{"line":100,"column":4},"end":{"line":104,"column":5}},{"start":{"line":100,"column":4},"end":{"line":104,"column":5}}],"line":100},"1":{"loc":{"start":{"line":109,"column":4},"end":{"line":113,"column":5}},"type":"if","locations":[{"start":{"line":109,"column":4},"end":{"line":113,"column":5}},{"start":{"line":109,"column":4},"end":{"line":113,"column":5}}],"line":109}},"s":{"0":1,"1":1,"2":1,"3":1,"4":1,"5":1,"6":1,"7":1,"8":1,"9":1,"10":1,"11":0,"12":0,"13":0,"14":0,"15":0,"16":1,"17":0,"18":0,"19":0,"20":0,"21":1,"22":0,"23":0,"24":0,"25":0,"26":0,"27":0,"28":0,"29":0,"30":0,"31":0,"32":0,"33":0,"34":0,"35":0,"36":0,"37":0,"38":0,"39":0,"40":0,"41":0,"42":0,"43":1},"f":{"0":1,"1":1,"2":0,"3":0,"4":1,"5":0,"6":0,"7":0,"8":0,"9":0,"10":0,"11":0,"12":0,"13":0,"14":0,"15":0,"16":0,"17":0,"18":0,"19":0,"20":0,"21":1},"b":{"0":[0,0],"1":[0,0]},"_coverageSchema":"1a1c01bbd47fc00a2c39e90264f33305004495a9","hash":"790bf33fd040631bc4971305d0317418141ab8b4"}
,"/Users/isaackim/Desktop/AtelierProject/Atelier/client/src/components/questionsAnswers/QuestionForm.jsx": {"path":"/Users/isaackim/Desktop/AtelierProject/Atelier/client/src/components/questionsAnswers/QuestionForm.jsx","statementMap":{"0":{"start":{"line":6,"column":4},"end":{"line":6,"column":17}},"1":{"start":{"line":7,"column":4},"end":{"line":14,"column":6}},"2":{"start":{"line":15,"column":4},"end":{"line":15,"column":43}},"3":{"start":{"line":16,"column":4},"end":{"line":16,"column":53}},"4":{"start":{"line":17,"column":4},"end":{"line":17,"column":53}},"5":{"start":{"line":18,"column":4},"end":{"line":18,"column":55}},"6":{"start":{"line":19,"column":4},"end":{"line":19,"column":45}},"7":{"start":{"line":20,"column":4},"end":{"line":20,"column":51}},"8":{"start":{"line":24,"column":4},"end":{"line":24,"column":38}},"9":{"start":{"line":28,"column":4},"end":{"line":30,"column":7}},"10":{"start":{"line":34,"column":4},"end":{"line":36,"column":7}},"11":{"start":{"line":40,"column":4},"end":{"line":42,"column":7}},"12":{"start":{"line":46,"column":4},"end":{"line":46,"column":23}},"13":{"start":{"line":47,"column":17},"end":{"line":52,"column":5}},"14":{"start":{"line":53,"column":4},"end":{"line":64,"column":7}},"15":{"start":{"line":59,"column":8},"end":{"line":59,"column":49}},"16":{"start":{"line":62,"column":8},"end":{"line":62,"column":44}},"17":{"start":{"line":69,"column":4},"end":{"line":103,"column":6}},"18":{"start":{"line":107,"column":25},"end":{"line":107,"column":35}},"19":{"start":{"line":108,"column":4},"end":{"line":116,"column":6}}},"fnMap":{"0":{"name":"(anonymous_0)","decl":{"start":{"line":5,"column":2},"end":{"line":5,"column":3}},"loc":{"start":{"line":5,"column":21},"end":{"line":21,"column":5}},"line":5},"1":{"name":"(anonymous_1)","decl":{"start":{"line":23,"column":2},"end":{"line":23,"column":3}},"loc":{"start":{"line":23,"column":12},"end":{"line":25,"column":3}},"line":23},"2":{"name":"(anonymous_2)","decl":{"start":{"line":27,"column":2},"end":{"line":27,"column":3}},"loc":{"start":{"line":27,"column":18},"end":{"line":31,"column":3}},"line":27},"3":{"name":"(anonymous_3)","decl":{"start":{"line":33,"column":2},"end":{"line":33,"column":3}},"loc":{"start":{"line":33,"column":18},"end":{"line":37,"column":3}},"line":33},"4":{"name":"(anonymous_4)","decl":{"start":{"line":39,"column":2},"end":{"line":39,"column":3}},"loc":{"start":{"line":39,"column":19},"end":{"line":43,"column":3}},"line":39},"5":{"name":"(anonymous_5)","decl":{"start":{"line":45,"column":2},"end":{"line":45,"column":3}},"loc":{"start":{"line":45,"column":17},"end":{"line":65,"column":3}},"line":45},"6":{"name":"(anonymous_6)","decl":{"start":{"line":58,"column":15},"end":{"line":58,"column":16}},"loc":{"start":{"line":58,"column":25},"end":{"line":60,"column":7}},"line":58},"7":{"name":"(anonymous_7)","decl":{"start":{"line":61,"column":13},"end":{"line":61,"column":14}},"loc":{"start":{"line":61,"column":19},"end":{"line":63,"column":7}},"line":61},"8":{"name":"(anonymous_8)","decl":{"start":{"line":68,"column":2},"end":{"line":68,"column":3}},"loc":{"start":{"line":68,"column":13},"end":{"line":104,"column":3}},"line":68},"9":{"name":"(anonymous_9)","decl":{"start":{"line":106,"column":2},"end":{"line":106,"column":3}},"loc":{"start":{"line":106,"column":11},"end":{"line":117,"column":3}},"line":106}},"branchMap":{"0":{"loc":{"start":{"line":113,"column":15},"end":{"line":113,"column":42}},"type":"binary-expr","locations":[{"start":{"line":113,"column":15},"end":{"line":113,"column":23}},{"start":{"line":113,"column":27},"end":{"line":113,"column":42}}],"line":113}},"s":{"0":0,"1":0,"2":0,"3":0,"4":0,"5":0,"6":0,"7":0,"8":0,"9":0,"10":0,"11":0,"12":0,"13":0,"14":0,"15":0,"16":0,"17":0,"18":0,"19":0},"f":{"0":0,"1":0,"2":0,"3":0,"4":0,"5":0,"6":0,"7":0,"8":0,"9":0},"b":{"0":[0,0]},"_coverageSchema":"1a1c01bbd47fc00a2c39e90264f33305004495a9","hash":"820904c186e2a886326e51ee552213bfd52b2166"}
,"/Users/isaackim/Desktop/AtelierProject/Atelier/client/src/components/questionsAnswers/QuestionReport.jsx": {"path":"/Users/isaackim/Desktop/AtelierProject/Atelier/client/src/components/questionsAnswers/QuestionReport.jsx","statementMap":{"0":{"start":{"line":4,"column":23},"end":{"line":16,"column":1}},"1":{"start":{"line":5,"column":21},"end":{"line":5,"column":29}},"2":{"start":{"line":6,"column":22},"end":{"line":9,"column":3}},"3":{"start":{"line":7,"column":4},"end":{"line":7,"column":30}},"4":{"start":{"line":8,"column":4},"end":{"line":8,"column":46}},"5":{"start":{"line":11,"column":2},"end":{"line":15,"column":4}}},"fnMap":{"0":{"name":"(anonymous_0)","decl":{"start":{"line":4,"column":23},"end":{"line":4,"column":24}},"loc":{"start":{"line":4,"column":34},"end":{"line":16,"column":1}},"line":4},"1":{"name":"(anonymous_1)","decl":{"start":{"line":6,"column":22},"end":{"line":6,"column":23}},"loc":{"start":{"line":6,"column":28},"end":{"line":9,"column":3}},"line":6}},"branchMap":{},"s":{"0":1,"1":0,"2":0,"3":0,"4":0,"5":0},"f":{"0":0,"1":0},"b":{},"_coverageSchema":"1a1c01bbd47fc00a2c39e90264f33305004495a9","hash":"a4527303cfc6dd9d2883ecaa0213aa5dab956772"}
,"/Users/isaackim/Desktop/AtelierProject/Atelier/client/src/components/questionsAnswers/searchBar.jsx": {"path":"/Users/isaackim/Desktop/AtelierProject/Atelier/client/src/components/questionsAnswers/searchBar.jsx","statementMap":{"0":{"start":{"line":5,"column":4},"end":{"line":5,"column":17}},"1":{"start":{"line":6,"column":4},"end":{"line":8,"column":6}},"2":{"start":{"line":9,"column":4},"end":{"line":9,"column":41}},"3":{"start":{"line":10,"column":4},"end":{"line":10,"column":45}},"4":{"start":{"line":14,"column":4},"end":{"line":16,"column":7}},"5":{"start":{"line":20,"column":4},"end":{"line":20,"column":23}},"6":{"start":{"line":21,"column":27},"end":{"line":21,"column":37}},"7":{"start":{"line":22,"column":4},"end":{"line":22,"column":36}},"8":{"start":{"line":26,"column":4},"end":{"line":43,"column":6}}},"fnMap":{"0":{"name":"(anonymous_0)","decl":{"start":{"line":4,"column":2},"end":{"line":4,"column":3}},"loc":{"start":{"line":4,"column":21},"end":{"line":11,"column":3}},"line":4},"1":{"name":"(anonymous_1)","decl":{"start":{"line":13,"column":2},"end":{"line":13,"column":3}},"loc":{"start":{"line":13,"column":14},"end":{"line":17,"column":3}},"line":13},"2":{"name":"(anonymous_2)","decl":{"start":{"line":19,"column":2},"end":{"line":19,"column":3}},"loc":{"start":{"line":19,"column":12},"end":{"line":23,"column":3}},"line":19},"3":{"name":"(anonymous_3)","decl":{"start":{"line":25,"column":2},"end":{"line":25,"column":3}},"loc":{"start":{"line":25,"column":11},"end":{"line":44,"column":3}},"line":25}},"branchMap":{},"s":{"0":0,"1":0,"2":0,"3":0,"4":0,"5":0,"6":0,"7":0,"8":0},"f":{"0":0,"1":0,"2":0,"3":0},"b":{},"_coverageSchema":"1a1c01bbd47fc00a2c39e90264f33305004495a9","hash":"d575344aeff2e6d751092c953e7bb254b4338035"}
,"/Users/isaackim/Desktop/AtelierProject/Atelier/server/QuestionAnswerAPI.js": {"path":"/Users/isaackim/Desktop/AtelierProject/Atelier/server/QuestionAnswerAPI.js","statementMap":{"0":{"start":{"line":1,"column":14},"end":{"line":1,"column":30}},"1":{"start":{"line":2,"column":15},"end":{"line":2,"column":35}},"2":{"start":{"line":4,"column":15},"end":{"line":4,"column":69}},"3":{"start":{"line":6,"column":23},"end":{"line":20,"column":1}},"4":{"start":{"line":7,"column":18},"end":{"line":11,"column":3}},"5":{"start":{"line":12,"column":2},"end":{"line":19,"column":7}},"6":{"start":{"line":14,"column":6},"end":{"line":14,"column":44}},"7":{"start":{"line":15,"column":6},"end":{"line":15,"column":31}},"8":{"start":{"line":18,"column":6},"end":{"line":18,"column":42}},"9":{"start":{"line":22,"column":31},"end":{"line":36,"column":1}},"10":{"start":{"line":23,"column":18},"end":{"line":27,"column":3}},"11":{"start":{"line":28,"column":2},"end":{"line":35,"column":7}},"12":{"start":{"line":30,"column":6},"end":{"line":30,"column":52}},"13":{"start":{"line":31,"column":6},"end":{"line":31,"column":31}},"14":{"start":{"line":34,"column":6},"end":{"line":34,"column":50}},"15":{"start":{"line":38,"column":25},"end":{"line":60,"column":1}},"16":{"start":{"line":39,"column":18},"end":{"line":43,"column":3}},"17":{"start":{"line":44,"column":2},"end":{"line":59,"column":7}},"18":{"start":{"line":46,"column":6},"end":{"line":46,"column":39}},"19":{"start":{"line":47,"column":6},"end":{"line":52,"column":9}},"20":{"start":{"line":48,"column":27},"end":{"line":50,"column":9}},"21":{"start":{"line":51,"column":8},"end":{"line":51,"column":25}},"22":{"start":{"line":55,"column":6},"end":{"line":55,"column":15}},"23":{"start":{"line":58,"column":6},"end":{"line":58,"column":44}},"24":{"start":{"line":62,"column":28},"end":{"line":85,"column":1}},"25":{"start":{"line":63,"column":18},"end":{"line":67,"column":3}},"26":{"start":{"line":68,"column":2},"end":{"line":84,"column":7}},"27":{"start":{"line":70,"column":6},"end":{"line":70,"column":39}},"28":{"start":{"line":71,"column":6},"end":{"line":71,"column":41}},"29":{"start":{"line":72,"column":6},"end":{"line":77,"column":9}},"30":{"start":{"line":73,"column":25},"end":{"line":75,"column":9}},"31":{"start":{"line":76,"column":8},"end":{"line":76,"column":24}},"32":{"start":{"line":80,"column":6},"end":{"line":80,"column":15}},"33":{"start":{"line":83,"column":6},"end":{"line":83,"column":42}},"34":{"start":{"line":88,"column":24},"end":{"line":107,"column":1}},"35":{"start":{"line":89,"column":17},"end":{"line":94,"column":3}},"36":{"start":{"line":96,"column":2},"end":{"line":106,"column":7}},"37":{"start":{"line":102,"column":6},"end":{"line":102,"column":45}},"38":{"start":{"line":105,"column":6},"end":{"line":105,"column":27}},"39":{"start":{"line":109,"column":22},"end":{"line":128,"column":1}},"40":{"start":{"line":110,"column":2},"end":{"line":110,"column":26}},"41":{"start":{"line":111,"column":17},"end":{"line":116,"column":3}},"42":{"start":{"line":117,"column":2},"end":{"line":127,"column":7}},"43":{"start":{"line":123,"column":6},"end":{"line":123,"column":43}},"44":{"start":{"line":126,"column":6},"end":{"line":126,"column":27}},"45":{"start":{"line":130,"column":27},"end":{"line":144,"column":1}},"46":{"start":{"line":131,"column":18},"end":{"line":135,"column":3}},"47":{"start":{"line":136,"column":2},"end":{"line":143,"column":7}},"48":{"start":{"line":138,"column":6},"end":{"line":138,"column":39}},"49":{"start":{"line":139,"column":6},"end":{"line":139,"column":22}},"50":{"start":{"line":142,"column":6},"end":{"line":142,"column":50}},"51":{"start":{"line":146,"column":25},"end":{"line":160,"column":1}},"52":{"start":{"line":147,"column":18},"end":{"line":151,"column":3}},"53":{"start":{"line":152,"column":2},"end":{"line":159,"column":7}},"54":{"start":{"line":154,"column":6},"end":{"line":154,"column":39}},"55":{"start":{"line":155,"column":6},"end":{"line":155,"column":22}},"56":{"start":{"line":158,"column":6},"end":{"line":158,"column":48}},"57":{"start":{"line":162,"column":26},"end":{"line":169,"column":1}},"58":{"start":{"line":163,"column":18},"end":{"line":167,"column":3}},"59":{"start":{"line":168,"column":2},"end":{"line":168,"column":17}},"60":{"start":{"line":171,"column":24},"end":{"line":185,"column":1}},"61":{"start":{"line":172,"column":18},"end":{"line":176,"column":3}},"62":{"start":{"line":177,"column":2},"end":{"line":184,"column":7}},"63":{"start":{"line":179,"column":6},"end":{"line":179,"column":39}},"64":{"start":{"line":180,"column":6},"end":{"line":180,"column":22}},"65":{"start":{"line":183,"column":6},"end":{"line":183,"column":41}},"66":{"start":{"line":187,"column":0},"end":{"line":198,"column":2}}},"fnMap":{"0":{"name":"(anonymous_0)","decl":{"start":{"line":6,"column":23},"end":{"line":6,"column":24}},"loc":{"start":{"line":6,"column":39},"end":{"line":20,"column":1}},"line":6},"1":{"name":"(anonymous_1)","decl":{"start":{"line":13,"column":10},"end":{"line":13,"column":11}},"loc":{"start":{"line":13,"column":24},"end":{"line":16,"column":5}},"line":13},"2":{"name":"(anonymous_2)","decl":{"start":{"line":17,"column":11},"end":{"line":17,"column":12}},"loc":{"start":{"line":17,"column":17},"end":{"line":19,"column":5}},"line":17},"3":{"name":"(anonymous_3)","decl":{"start":{"line":22,"column":31},"end":{"line":22,"column":32}},"loc":{"start":{"line":22,"column":47},"end":{"line":36,"column":1}},"line":22},"4":{"name":"(anonymous_4)","decl":{"start":{"line":29,"column":10},"end":{"line":29,"column":11}},"loc":{"start":{"line":29,"column":24},"end":{"line":32,"column":5}},"line":29},"5":{"name":"(anonymous_5)","decl":{"start":{"line":33,"column":11},"end":{"line":33,"column":12}},"loc":{"start":{"line":33,"column":17},"end":{"line":35,"column":5}},"line":33},"6":{"name":"(anonymous_6)","decl":{"start":{"line":38,"column":25},"end":{"line":38,"column":26}},"loc":{"start":{"line":38,"column":41},"end":{"line":60,"column":1}},"line":38},"7":{"name":"(anonymous_7)","decl":{"start":{"line":45,"column":10},"end":{"line":45,"column":11}},"loc":{"start":{"line":45,"column":24},"end":{"line":53,"column":5}},"line":45},"8":{"name":"(anonymous_8)","decl":{"start":{"line":47,"column":39},"end":{"line":47,"column":40}},"loc":{"start":{"line":47,"column":52},"end":{"line":52,"column":7}},"line":47},"9":{"name":"(anonymous_9)","decl":{"start":{"line":54,"column":10},"end":{"line":54,"column":11}},"loc":{"start":{"line":54,"column":20},"end":{"line":56,"column":5}},"line":54},"10":{"name":"(anonymous_10)","decl":{"start":{"line":57,"column":11},"end":{"line":57,"column":12}},"loc":{"start":{"line":57,"column":17},"end":{"line":59,"column":5}},"line":57},"11":{"name":"(anonymous_11)","decl":{"start":{"line":62,"column":28},"end":{"line":62,"column":29}},"loc":{"start":{"line":62,"column":44},"end":{"line":85,"column":1}},"line":62},"12":{"name":"(anonymous_12)","decl":{"start":{"line":69,"column":10},"end":{"line":69,"column":11}},"loc":{"start":{"line":69,"column":24},"end":{"line":78,"column":5}},"line":69},"13":{"name":"(anonymous_13)","decl":{"start":{"line":72,"column":39},"end":{"line":72,"column":40}},"loc":{"start":{"line":72,"column":51},"end":{"line":77,"column":7}},"line":72},"14":{"name":"(anonymous_14)","decl":{"start":{"line":79,"column":10},"end":{"line":79,"column":11}},"loc":{"start":{"line":79,"column":20},"end":{"line":81,"column":5}},"line":79},"15":{"name":"(anonymous_15)","decl":{"start":{"line":82,"column":11},"end":{"line":82,"column":12}},"loc":{"start":{"line":82,"column":17},"end":{"line":84,"column":5}},"line":82},"16":{"name":"(anonymous_16)","decl":{"start":{"line":88,"column":24},"end":{"line":88,"column":25}},"loc":{"start":{"line":88,"column":34},"end":{"line":107,"column":1}},"line":88},"17":{"name":"(anonymous_17)","decl":{"start":{"line":101,"column":10},"end":{"line":101,"column":11}},"loc":{"start":{"line":101,"column":16},"end":{"line":103,"column":5}},"line":101},"18":{"name":"(anonymous_18)","decl":{"start":{"line":104,"column":11},"end":{"line":104,"column":12}},"loc":{"start":{"line":104,"column":17},"end":{"line":106,"column":5}},"line":104},"19":{"name":"(anonymous_19)","decl":{"start":{"line":109,"column":22},"end":{"line":109,"column":23}},"loc":{"start":{"line":109,"column":32},"end":{"line":128,"column":1}},"line":109},"20":{"name":"(anonymous_20)","decl":{"start":{"line":122,"column":10},"end":{"line":122,"column":11}},"loc":{"start":{"line":122,"column":16},"end":{"line":124,"column":5}},"line":122},"21":{"name":"(anonymous_21)","decl":{"start":{"line":125,"column":11},"end":{"line":125,"column":12}},"loc":{"start":{"line":125,"column":17},"end":{"line":127,"column":5}},"line":125},"22":{"name":"(anonymous_22)","decl":{"start":{"line":130,"column":27},"end":{"line":130,"column":28}},"loc":{"start":{"line":130,"column":43},"end":{"line":144,"column":1}},"line":130},"23":{"name":"(anonymous_23)","decl":{"start":{"line":137,"column":10},"end":{"line":137,"column":11}},"loc":{"start":{"line":137,"column":20},"end":{"line":140,"column":5}},"line":137},"24":{"name":"(anonymous_24)","decl":{"start":{"line":141,"column":11},"end":{"line":141,"column":12}},"loc":{"start":{"line":141,"column":17},"end":{"line":143,"column":5}},"line":141},"25":{"name":"(anonymous_25)","decl":{"start":{"line":146,"column":25},"end":{"line":146,"column":26}},"loc":{"start":{"line":146,"column":41},"end":{"line":160,"column":1}},"line":146},"26":{"name":"(anonymous_26)","decl":{"start":{"line":153,"column":10},"end":{"line":153,"column":11}},"loc":{"start":{"line":153,"column":20},"end":{"line":156,"column":5}},"line":153},"27":{"name":"(anonymous_27)","decl":{"start":{"line":157,"column":11},"end":{"line":157,"column":12}},"loc":{"start":{"line":157,"column":17},"end":{"line":159,"column":5}},"line":157},"28":{"name":"(anonymous_28)","decl":{"start":{"line":162,"column":26},"end":{"line":162,"column":27}},"loc":{"start":{"line":162,"column":38},"end":{"line":169,"column":1}},"line":162},"29":{"name":"(anonymous_29)","decl":{"start":{"line":171,"column":24},"end":{"line":171,"column":25}},"loc":{"start":{"line":171,"column":40},"end":{"line":185,"column":1}},"line":171},"30":{"name":"(anonymous_30)","decl":{"start":{"line":178,"column":10},"end":{"line":178,"column":11}},"loc":{"start":{"line":178,"column":20},"end":{"line":181,"column":5}},"line":178},"31":{"name":"(anonymous_31)","decl":{"start":{"line":182,"column":11},"end":{"line":182,"column":12}},"loc":{"start":{"line":182,"column":17},"end":{"line":184,"column":5}},"line":182}},"branchMap":{},"s":{"0":1,"1":1,"2":1,"3":1,"4":0,"5":0,"6":0,"7":0,"8":0,"9":1,"10":0,"11":0,"12":0,"13":0,"14":0,"15":1,"16":0,"17":0,"18":0,"19":0,"20":0,"21":0,"22":0,"23":0,"24":1,"25":0,"26":0,"27":0,"28":0,"29":0,"30":0,"31":0,"32":0,"33":0,"34":1,"35":0,"36":0,"37":0,"38":0,"39":1,"40":0,"41":0,"42":0,"43":0,"44":0,"45":1,"46":0,"47":0,"48":0,"49":0,"50":0,"51":1,"52":0,"53":0,"54":0,"55":0,"56":0,"57":1,"58":0,"59":0,"60":1,"61":0,"62":0,"63":0,"64":0,"65":0,"66":1},"f":{"0":0,"1":0,"2":0,"3":0,"4":0,"5":0,"6":0,"7":0,"8":0,"9":0,"10":0,"11":0,"12":0,"13":0,"14":0,"15":0,"16":0,"17":0,"18":0,"19":0,"20":0,"21":0,"22":0,"23":0,"24":0,"25":0,"26":0,"27":0,"28":0,"29":0,"30":0,"31":0},"b":{},"_coverageSchema":"1a1c01bbd47fc00a2c39e90264f33305004495a9","hash":"99a9fa5ffe02e538e1020dc4a00c4f893e1cd62a"}
,"/Users/isaackim/Desktop/AtelierProject/Atelier/test/atelier.js": {"path":"/Users/isaackim/Desktop/AtelierProject/Atelier/test/atelier.js","statementMap":{"0":{"start":{"line":7,"column":2},"end":{"line":7,"column":15}},"1":{"start":{"line":10,"column":0},"end":{"line":10,"column":21}}},"fnMap":{"0":{"name":"sum","decl":{"start":{"line":6,"column":9},"end":{"line":6,"column":12}},"loc":{"start":{"line":6,"column":19},"end":{"line":8,"column":1}},"line":6}},"branchMap":{},"s":{"0":1,"1":1},"f":{"0":1},"b":{},"_coverageSchema":"1a1c01bbd47fc00a2c39e90264f33305004495a9","hash":"8f2dfd201a6655465fe7ccfe3dd2d5792bdd3a51"}
}
