{"/Users/louisla/senior/fec/july312/Atelier/client/src/components/productDetails/OverviewMain.jsx": {"path":"/Users/louisla/senior/fec/july312/Atelier/client/src/components/productDetails/OverviewMain.jsx","statementMap":{"0":{"start":{"line":11,"column":4},"end":{"line":11,"column":17}},"1":{"start":{"line":12,"column":4},"end":{"line":18,"column":5}},"2":{"start":{"line":19,"column":4},"end":{"line":19,"column":69}},"3":{"start":{"line":20,"column":4},"end":{"line":20,"column":79}},"4":{"start":{"line":24,"column":4},"end":{"line":24,"column":32}},"5":{"start":{"line":25,"column":4},"end":{"line":25,"column":37}},"6":{"start":{"line":29,"column":21},"end":{"line":29,"column":41}},"7":{"start":{"line":30,"column":4},"end":{"line":46,"column":7}},"8":{"start":{"line":36,"column":8},"end":{"line":39,"column":11}},"9":{"start":{"line":44,"column":8},"end":{"line":44,"column":35}},"10":{"start":{"line":69,"column":19},"end":{"line":69,"column":55}},"11":{"start":{"line":70,"column":4},"end":{"line":84,"column":7}},"12":{"start":{"line":75,"column":8},"end":{"line":78,"column":11}},"13":{"start":{"line":82,"column":8},"end":{"line":82,"column":35}},"14":{"start":{"line":90,"column":19},"end":{"line":90,"column":39}},"15":{"start":{"line":92,"column":4},"end":{"line":123,"column":6}}},"fnMap":{"0":{"name":"(anonymous_0)","decl":{"start":{"line":10,"column":2},"end":{"line":10,"column":3}},"loc":{"start":{"line":10,"column":21},"end":{"line":21,"column":3}},"line":10},"1":{"name":"(anonymous_1)","decl":{"start":{"line":23,"column":2},"end":{"line":23,"column":3}},"loc":{"start":{"line":23,"column":22},"end":{"line":26,"column":3}},"line":23},"2":{"name":"(anonymous_2)","decl":{"start":{"line":28,"column":2},"end":{"line":28,"column":3}},"loc":{"start":{"line":28,"column":25},"end":{"line":47,"column":3}},"line":28},"3":{"name":"(anonymous_3)","decl":{"start":{"line":34,"column":15},"end":{"line":34,"column":16}},"loc":{"start":{"line":34,"column":29},"end":{"line":42,"column":7}},"line":34},"4":{"name":"(anonymous_4)","decl":{"start":{"line":43,"column":13},"end":{"line":43,"column":14}},"loc":{"start":{"line":43,"column":22},"end":{"line":45,"column":7}},"line":43},"5":{"name":"(anonymous_5)","decl":{"start":{"line":68,"column":2},"end":{"line":68,"column":3}},"loc":{"start":{"line":68,"column":30},"end":{"line":85,"column":3}},"line":68},"6":{"name":"(anonymous_6)","decl":{"start":{"line":73,"column":15},"end":{"line":73,"column":16}},"loc":{"start":{"line":73,"column":29},"end":{"line":80,"column":7}},"line":73},"7":{"name":"(anonymous_7)","decl":{"start":{"line":81,"column":13},"end":{"line":81,"column":14}},"loc":{"start":{"line":81,"column":22},"end":{"line":83,"column":7}},"line":81},"8":{"name":"(anonymous_8)","decl":{"start":{"line":88,"column":2},"end":{"line":88,"column":3}},"loc":{"start":{"line":88,"column":11},"end":{"line":124,"column":3}},"line":88}},"branchMap":{},"s":{"0":0,"1":0,"2":0,"3":0,"4":0,"5":0,"6":0,"7":0,"8":0,"9":0,"10":0,"11":0,"12":0,"13":0,"14":0,"15":0},"f":{"0":0,"1":0,"2":0,"3":0,"4":0,"5":0,"6":0,"7":0,"8":0},"b":{},"_coverageSchema":"1a1c01bbd47fc00a2c39e90264f33305004495a9","hash":"6ded028dc3dab55247f9632af5f747cbad52bb29"}
,"/Users/louisla/senior/fec/july312/Atelier/client/src/components/productDetails/eachComponent/AddToCart.jsx": {"path":"/Users/louisla/senior/fec/july312/Atelier/client/src/components/productDetails/eachComponent/AddToCart.jsx","statementMap":{"0":{"start":{"line":6,"column":24},"end":{"line":8,"column":6}},"1":{"start":{"line":7,"column":6},"end":{"line":7,"column":76}},"2":{"start":{"line":9,"column":4},"end":{"line":9,"column":28}},"3":{"start":{"line":10,"column":4},"end":{"line":25,"column":5}}},"fnMap":{"0":{"name":"(anonymous_0)","decl":{"start":{"line":5,"column":2},"end":{"line":5,"column":3}},"loc":{"start":{"line":5,"column":11},"end":{"line":26,"column":3}},"line":5},"1":{"name":"(anonymous_1)","decl":{"start":{"line":6,"column":49},"end":{"line":6,"column":50}},"loc":{"start":{"line":7,"column":6},"end":{"line":7,"column":76}},"line":7}},"branchMap":{},"s":{"0":2,"1":0,"2":0,"3":0},"f":{"0":2,"1":0},"b":{},"_coverageSchema":"1a1c01bbd47fc00a2c39e90264f33305004495a9","hash":"30b80d576cd3bf5bab4f53f66124c6909455a907"}
,"/Users/louisla/senior/fec/july312/Atelier/client/src/components/productDetails/eachComponent/Carousel.jsx": {"path":"/Users/louisla/senior/fec/july312/Atelier/client/src/components/productDetails/eachComponent/Carousel.jsx","statementMap":{"0":{"start":{"line":6,"column":4},"end":{"line":6,"column":17}},"1":{"start":{"line":7,"column":4},"end":{"line":9,"column":5}},"2":{"start":{"line":10,"column":4},"end":{"line":10,"column":47}},"3":{"start":{"line":11,"column":4},"end":{"line":11,"column":47}},"4":{"start":{"line":16,"column":19},"end":{"line":16,"column":20}},"5":{"start":{"line":17,"column":22},"end":{"line":17,"column":44}},"6":{"start":{"line":18,"column":4},"end":{"line":26,"column":5}},"7":{"start":{"line":19,"column":6},"end":{"line":21,"column":8}},"8":{"start":{"line":23,"column":6},"end":{"line":25,"column":8}},"9":{"start":{"line":30,"column":19},"end":{"line":30,"column":20}},"10":{"start":{"line":31,"column":16},"end":{"line":31,"column":26}},"11":{"start":{"line":32,"column":17},"end":{"line":32,"column":39}},"12":{"start":{"line":33,"column":4},"end":{"line":41,"column":5}},"13":{"start":{"line":34,"column":6},"end":{"line":36,"column":8}},"14":{"start":{"line":38,"column":6},"end":{"line":40,"column":8}},"15":{"start":{"line":46,"column":23},"end":{"line":67,"column":5}},"16":{"start":{"line":69,"column":4},"end":{"line":101,"column":6}},"17":{"start":{"line":75,"column":10},"end":{"line":79,"column":12}},"18":{"start":{"line":87,"column":12},"end":{"line":96,"column":14}}},"fnMap":{"0":{"name":"(anonymous_0)","decl":{"start":{"line":5,"column":2},"end":{"line":5,"column":3}},"loc":{"start":{"line":5,"column":22},"end":{"line":12,"column":3}},"line":5},"1":{"name":"(anonymous_1)","decl":{"start":{"line":15,"column":2},"end":{"line":15,"column":3}},"loc":{"start":{"line":15,"column":14},"end":{"line":27,"column":3}},"line":15},"2":{"name":"(anonymous_2)","decl":{"start":{"line":29,"column":2},"end":{"line":29,"column":3}},"loc":{"start":{"line":29,"column":14},"end":{"line":42,"column":3}},"line":29},"3":{"name":"(anonymous_3)","decl":{"start":{"line":44,"column":2},"end":{"line":44,"column":3}},"loc":{"start":{"line":44,"column":11},"end":{"line":102,"column":3}},"line":44},"4":{"name":"(anonymous_4)","decl":{"start":{"line":74,"column":24},"end":{"line":74,"column":25}},"loc":{"start":{"line":74,"column":42},"end":{"line":80,"column":9}},"line":74},"5":{"name":"(anonymous_5)","decl":{"start":{"line":86,"column":26},"end":{"line":86,"column":27}},"loc":{"start":{"line":86,"column":44},"end":{"line":97,"column":11}},"line":86}},"branchMap":{"0":{"loc":{"start":{"line":18,"column":4},"end":{"line":26,"column":5}},"type":"if","locations":[{"start":{"line":18,"column":4},"end":{"line":26,"column":5}},{"start":{"line":18,"column":4},"end":{"line":26,"column":5}}],"line":18},"1":{"loc":{"start":{"line":33,"column":4},"end":{"line":41,"column":5}},"type":"if","locations":[{"start":{"line":33,"column":4},"end":{"line":41,"column":5}},{"start":{"line":33,"column":4},"end":{"line":41,"column":5}}],"line":33},"2":{"loc":{"start":{"line":89,"column":25},"end":{"line":89,"column":80}},"type":"cond-expr","locations":[{"start":{"line":89,"column":56},"end":{"line":89,"column":70}},{"start":{"line":89,"column":73},"end":{"line":89,"column":80}}],"line":89},"3":{"loc":{"start":{"line":92,"column":17},"end":{"line":94,"column":19}},"type":"binary-expr","locations":[{"start":{"line":92,"column":17},"end":{"line":92,"column":45}},{"start":{"line":93,"column":18},"end":{"line":93,"column":61}}],"line":92}},"s":{"0":2,"1":2,"2":2,"3":2,"4":0,"5":0,"6":0,"7":0,"8":0,"9":0,"10":0,"11":0,"12":0,"13":0,"14":0,"15":2,"16":2,"17":10,"18":10},"f":{"0":2,"1":0,"2":0,"3":2,"4":10,"5":10},"b":{"0":[0,0],"1":[0,0],"2":[2,8],"3":[10,2]},"_coverageSchema":"1a1c01bbd47fc00a2c39e90264f33305004495a9","hash":"42887b8b40f684c078f0002d3893a1dbbc1d91a1"}
,"/Users/louisla/senior/fec/july312/Atelier/client/src/components/productDetails/eachComponent/ProductDescription.jsx": {"path":"/Users/louisla/senior/fec/july312/Atelier/client/src/components/productDetails/eachComponent/ProductDescription.jsx","statementMap":{"0":{"start":{"line":6,"column":4},"end":{"line":6,"column":17}},"1":{"start":{"line":7,"column":4},"end":{"line":8,"column":5}},"2":{"start":{"line":12,"column":4},"end":{"line":27,"column":6}},"3":{"start":{"line":21,"column":12},"end":{"line":23,"column":17}}},"fnMap":{"0":{"name":"(anonymous_0)","decl":{"start":{"line":5,"column":2},"end":{"line":5,"column":3}},"loc":{"start":{"line":5,"column":21},"end":{"line":9,"column":3}},"line":5},"1":{"name":"(anonymous_1)","decl":{"start":{"line":11,"column":2},"end":{"line":11,"column":3}},"loc":{"start":{"line":11,"column":11},"end":{"line":28,"column":3}},"line":11},"2":{"name":"(anonymous_2)","decl":{"start":{"line":20,"column":37},"end":{"line":20,"column":38}},"loc":{"start":{"line":21,"column":12},"end":{"line":23,"column":17}},"line":21}},"branchMap":{},"s":{"0":1,"1":1,"2":1,"3":0},"f":{"0":1,"1":1,"2":0},"b":{},"_coverageSchema":"1a1c01bbd47fc00a2c39e90264f33305004495a9","hash":"e11ea49711ed6c450e017b9b97f9da5e7d1784d0"}
,"/Users/louisla/senior/fec/july312/Atelier/client/src/components/productDetails/eachComponent/ProductInformation.jsx": {"path":"/Users/louisla/senior/fec/july312/Atelier/client/src/components/productDetails/eachComponent/ProductInformation.jsx","statementMap":{"0":{"start":{"line":7,"column":4},"end":{"line":7,"column":17}},"1":{"start":{"line":8,"column":4},"end":{"line":11,"column":5}},"2":{"start":{"line":33,"column":15},"end":{"line":33,"column":37}},"3":{"start":{"line":35,"column":4},"end":{"line":44,"column":5}}},"fnMap":{"0":{"name":"(anonymous_0)","decl":{"start":{"line":6,"column":2},"end":{"line":6,"column":3}},"loc":{"start":{"line":6,"column":21},"end":{"line":12,"column":3}},"line":6},"1":{"name":"(anonymous_1)","decl":{"start":{"line":32,"column":2},"end":{"line":32,"column":3}},"loc":{"start":{"line":32,"column":11},"end":{"line":45,"column":3}},"line":32}},"branchMap":{},"s":{"0":1,"1":1,"2":1,"3":1},"f":{"0":1,"1":1},"b":{},"_coverageSchema":"1a1c01bbd47fc00a2c39e90264f33305004495a9","hash":"e663e05305c9309257c8cea4ce5b56de687d5d78"}
,"/Users/louisla/senior/fec/july312/Atelier/client/src/components/productDetails/eachComponent/StyleSelector.jsx": {"path":"/Users/louisla/senior/fec/july312/Atelier/client/src/components/productDetails/eachComponent/StyleSelector.jsx","statementMap":{"0":{"start":{"line":7,"column":4},"end":{"line":7,"column":17}},"1":{"start":{"line":8,"column":4},"end":{"line":15,"column":5}},"2":{"start":{"line":19,"column":4},"end":{"line":48,"column":6}},"3":{"start":{"line":23,"column":8},"end":{"line":23,"column":29}},"4":{"start":{"line":24,"column":20},"end":{"line":24,"column":65}},"5":{"start":{"line":24,"column":53},"end":{"line":24,"column":62}},"6":{"start":{"line":25,"column":25},"end":{"line":27,"column":10}},"7":{"start":{"line":26,"column":10},"end":{"line":26,"column":38}},"8":{"start":{"line":28,"column":25},"end":{"line":28,"column":49}},"9":{"start":{"line":29,"column":21},"end":{"line":29,"column":23}},"10":{"start":{"line":30,"column":24},"end":{"line":30,"column":26}},"11":{"start":{"line":31,"column":8},"end":{"line":34,"column":9}},"12":{"start":{"line":32,"column":10},"end":{"line":32,"column":26}},"13":{"start":{"line":33,"column":10},"end":{"line":33,"column":41}},"14":{"start":{"line":35,"column":8},"end":{"line":41,"column":10}},"15":{"start":{"line":46,"column":8},"end":{"line":46,"column":34}},"16":{"start":{"line":58,"column":24},"end":{"line":60,"column":8}},"17":{"start":{"line":59,"column":6},"end":{"line":59,"column":134}},"18":{"start":{"line":61,"column":26},"end":{"line":61,"column":28}},"19":{"start":{"line":62,"column":26},"end":{"line":62,"column":28}},"20":{"start":{"line":63,"column":26},"end":{"line":63,"column":28}},"21":{"start":{"line":64,"column":4},"end":{"line":72,"column":5}},"22":{"start":{"line":64,"column":17},"end":{"line":64,"column":18}},"23":{"start":{"line":65,"column":6},"end":{"line":71,"column":7}},"24":{"start":{"line":66,"column":8},"end":{"line":66,"column":44}},"25":{"start":{"line":67,"column":13},"end":{"line":71,"column":7}},"26":{"start":{"line":68,"column":8},"end":{"line":68,"column":44}},"27":{"start":{"line":69,"column":13},"end":{"line":71,"column":7}},"28":{"start":{"line":70,"column":8},"end":{"line":70,"column":44}},"29":{"start":{"line":74,"column":4},"end":{"line":91,"column":5}}},"fnMap":{"0":{"name":"(anonymous_0)","decl":{"start":{"line":6,"column":2},"end":{"line":6,"column":3}},"loc":{"start":{"line":6,"column":21},"end":{"line":16,"column":3}},"line":6},"1":{"name":"(anonymous_1)","decl":{"start":{"line":18,"column":2},"end":{"line":18,"column":3}},"loc":{"start":{"line":18,"column":22},"end":{"line":49,"column":3}},"line":18},"2":{"name":"(anonymous_2)","decl":{"start":{"line":22,"column":15},"end":{"line":22,"column":16}},"loc":{"start":{"line":22,"column":29},"end":{"line":44,"column":7}},"line":22},"3":{"name":"(anonymous_3)","decl":{"start":{"line":24,"column":41},"end":{"line":24,"column":42}},"loc":{"start":{"line":24,"column":53},"end":{"line":24,"column":62}},"line":24},"4":{"name":"(anonymous_4)","decl":{"start":{"line":25,"column":46},"end":{"line":25,"column":47}},"loc":{"start":{"line":26,"column":10},"end":{"line":26,"column":38}},"line":26},"5":{"name":"(anonymous_5)","decl":{"start":{"line":45,"column":13},"end":{"line":45,"column":14}},"loc":{"start":{"line":45,"column":22},"end":{"line":47,"column":7}},"line":45},"6":{"name":"(anonymous_6)","decl":{"start":{"line":51,"column":2},"end":{"line":51,"column":3}},"loc":{"start":{"line":51,"column":18},"end":{"line":53,"column":3}},"line":51},"7":{"name":"(anonymous_7)","decl":{"start":{"line":56,"column":2},"end":{"line":56,"column":3}},"loc":{"start":{"line":56,"column":11},"end":{"line":92,"column":3}},"line":56},"8":{"name":"(anonymous_8)","decl":{"start":{"line":58,"column":50},"end":{"line":58,"column":51}},"loc":{"start":{"line":59,"column":6},"end":{"line":59,"column":134}},"line":59}},"branchMap":{"0":{"loc":{"start":{"line":65,"column":6},"end":{"line":71,"column":7}},"type":"if","locations":[{"start":{"line":65,"column":6},"end":{"line":71,"column":7}},{"start":{"line":65,"column":6},"end":{"line":71,"column":7}}],"line":65},"1":{"loc":{"start":{"line":67,"column":13},"end":{"line":71,"column":7}},"type":"if","locations":[{"start":{"line":67,"column":13},"end":{"line":71,"column":7}},{"start":{"line":67,"column":13},"end":{"line":71,"column":7}}],"line":67},"2":{"loc":{"start":{"line":69,"column":13},"end":{"line":71,"column":7}},"type":"if","locations":[{"start":{"line":69,"column":13},"end":{"line":71,"column":7}},{"start":{"line":69,"column":13},"end":{"line":71,"column":7}}],"line":69}},"s":{"0":1,"1":1,"2":1,"3":0,"4":0,"5":0,"6":0,"7":0,"8":0,"9":0,"10":0,"11":0,"12":0,"13":0,"14":0,"15":0,"16":1,"17":1,"18":1,"19":1,"20":1,"21":1,"22":1,"23":1,"24":1,"25":0,"26":0,"27":0,"28":0,"29":1},"f":{"0":1,"1":1,"2":0,"3":0,"4":0,"5":0,"6":0,"7":1,"8":1},"b":{"0":[1,0],"1":[0,0],"2":[0,0]},"_coverageSchema":"1a1c01bbd47fc00a2c39e90264f33305004495a9","hash":"3e3c0cc2cfece5e9cfc8e903ed551ac2af625f6f"}
,"/Users/louisla/senior/fec/july312/Atelier/test/atelier.js": {"path":"/Users/louisla/senior/fec/july312/Atelier/test/atelier.js","statementMap":{"0":{"start":{"line":7,"column":2},"end":{"line":7,"column":15}},"1":{"start":{"line":10,"column":0},"end":{"line":10,"column":21}}},"fnMap":{"0":{"name":"sum","decl":{"start":{"line":6,"column":9},"end":{"line":6,"column":12}},"loc":{"start":{"line":6,"column":19},"end":{"line":8,"column":1}},"line":6}},"branchMap":{},"s":{"0":1,"1":1},"f":{"0":1},"b":{},"_coverageSchema":"1a1c01bbd47fc00a2c39e90264f33305004495a9","hash":"b83bfbec857ce8613dd8e3d0544e7011a84f63cf"}
}
