TN:
SF:client/src/components/productDetails/OverviewMain.jsx
FN:10,(anonymous_0)
FN:23,(anonymous_1)
FN:28,(anonymous_2)
FN:34,(anonymous_3)
FN:43,(anonymous_4)
FN:68,(anonymous_5)
FN:73,(anonymous_6)
FN:81,(anonymous_7)
FN:88,(anonymous_8)
FNF:9
FNH:0
FNDA:0,(anonymous_0)
FNDA:0,(anonymous_1)
FNDA:0,(anonymous_2)
FNDA:0,(anonymous_3)
FNDA:0,(anonymous_4)
FNDA:0,(anonymous_5)
FNDA:0,(anonymous_6)
FNDA:0,(anonymous_7)
FNDA:0,(anonymous_8)
DA:11,0
DA:12,0
DA:19,0
DA:20,0
DA:24,0
DA:25,0
DA:29,0
DA:30,0
DA:36,0
DA:44,0
DA:69,0
DA:70,0
DA:75,0
DA:82,0
DA:90,0
DA:92,0
LF:16
LH:0
BRF:0
BRH:0
end_of_record
TN:
SF:client/src/components/productDetails/eachComponent/AddToCart.jsx
FN:5,(anonymous_0)
FN:6,(anonymous_1)
FNF:2
FNH:1
FNDA:2,(anonymous_0)
FNDA:0,(anonymous_1)
DA:6,2
DA:7,0
DA:9,0
DA:10,0
LF:4
LH:1
BRF:0
BRH:0
end_of_record
TN:
SF:client/src/components/productDetails/eachComponent/Carousel.jsx
FN:5,(anonymous_0)
FN:15,(anonymous_1)
FN:29,(anonymous_2)
FN:44,(anonymous_3)
FN:74,(anonymous_4)
FN:86,(anonymous_5)
FNF:6
FNH:4
FNDA:2,(anonymous_0)
FNDA:0,(anonymous_1)
FNDA:0,(anonymous_2)
FNDA:2,(anonymous_3)
FNDA:10,(anonymous_4)
FNDA:10,(anonymous_5)
DA:6,2
DA:7,2
DA:10,2
DA:11,2
DA:16,0
DA:17,0
DA:18,0
DA:19,0
DA:23,0
DA:30,0
DA:31,0
DA:32,0
DA:33,0
DA:34,0
DA:38,0
DA:46,2
DA:69,2
DA:75,10
DA:87,10
LF:19
LH:8
BRDA:18,0,0,0
BRDA:18,0,1,0
BRDA:33,1,0,0
BRDA:33,1,1,0
BRDA:89,2,0,2
BRDA:89,2,1,8
BRDA:92,3,0,10
BRDA:92,3,1,2
BRF:8
BRH:4
end_of_record
TN:
SF:client/src/components/productDetails/eachComponent/ProductDescription.jsx
FN:5,(anonymous_0)
FN:11,(anonymous_1)
FN:20,(anonymous_2)
FNF:3
FNH:2
FNDA:1,(anonymous_0)
FNDA:1,(anonymous_1)
FNDA:0,(anonymous_2)
DA:6,1
DA:7,1
DA:12,1
DA:21,0
LF:4
LH:3
BRF:0
BRH:0
end_of_record
TN:
SF:client/src/components/productDetails/eachComponent/ProductInformation.jsx
FN:6,(anonymous_0)
FN:32,(anonymous_1)
FNF:2
FNH:2
FNDA:1,(anonymous_0)
FNDA:1,(anonymous_1)
DA:7,1
DA:8,1
DA:33,1
DA:35,1
LF:4
LH:4
BRF:0
BRH:0
end_of_record
TN:
SF:client/src/components/productDetails/eachComponent/StyleSelector.jsx
FN:6,(anonymous_0)
FN:18,(anonymous_1)
FN:22,(anonymous_2)
FN:24,(anonymous_3)
FN:25,(anonymous_4)
FN:45,(anonymous_5)
FN:51,(anonymous_6)
FN:56,(anonymous_7)
FN:58,(anonymous_8)
FNF:9
FNH:4
FNDA:1,(anonymous_0)
FNDA:1,(anonymous_1)
FNDA:0,(anonymous_2)
FNDA:0,(anonymous_3)
FNDA:0,(anonymous_4)
FNDA:0,(anonymous_5)
FNDA:0,(anonymous_6)
FNDA:1,(anonymous_7)
FNDA:1,(anonymous_8)
DA:7,1
DA:8,1
DA:19,1
DA:23,0
DA:24,0
DA:25,0
DA:26,0
DA:28,0
DA:29,0
DA:30,0
DA:31,0
DA:32,0
DA:33,0
DA:35,0
DA:46,0
DA:58,1
DA:59,1
DA:61,1
DA:62,1
DA:63,1
DA:64,1
DA:65,1
DA:66,1
DA:67,0
DA:68,0
DA:69,0
DA:70,0
DA:74,1
LF:28
LH:12
BRDA:65,0,0,1
BRDA:65,0,1,0
BRDA:67,1,0,0
BRDA:67,1,1,0
BRDA:69,2,0,0
BRDA:69,2,1,0
BRF:6
BRH:1
end_of_record
TN:
SF:test/atelier.js
FN:6,sum
FNF:1
FNH:1
FNDA:1,sum
DA:7,1
DA:10,1
LF:2
LH:2
BRF:0
BRH:0
end_of_record
